<?xml version="1.0" encoding="UTF-8"?>
<!-- Generated by org.testng.reporters.JUnitReportReporter -->
<testsuite hostname="DESKTOP-165ABPJ" name="com.kisaan.vendor.testcases.TC_09_Vendor_RemoveProduct" tests="1" failures="0" timestamp="11 Mar 2021 06:53:05 GMT" time="27.809" errors="0">
  <testcase name="vendor_SignIn" time="27.809" classname="com.kisaan.vendor.testcases.TC_09_Vendor_RemoveProduct"/>
</testsuite> <!-- com.kisaan.vendor.testcases.TC_09_Vendor_RemoveProduct -->
