<?xml version="1.0" encoding="UTF-8"?>
<!-- Generated by org.testng.reporters.JUnitReportReporter -->
<testsuite hostname="DESKTOP-165ABPJ" name="com.kisaan.customer.testcases.TC_20_Customer_BankWire_Checkout" tests="1" failures="0" timestamp="12 Mar 2021 09:58:59 GMT" time="98.679" errors="0">
  <testcase name="customer_AddProductCheckout" time="98.679" classname="com.kisaan.customer.testcases.TC_20_Customer_BankWire_Checkout"/>
</testsuite> <!-- com.kisaan.customer.testcases.TC_20_Customer_BankWire_Checkout -->
