<?xml version="1.0" encoding="UTF-8"?>
<!-- Generated by org.testng.reporters.JUnitReportReporter -->
<testsuite hostname="DESKTOP-165ABPJ" name="com.kisaan.vendor.testcases.TC_05_VendorChangeExistingPassword" tests="1" failures="0" timestamp="4 Mar 2021 08:41:20 GMT" time="15.916" errors="0">
  <testcase name="ChangeExistingPassword" time="15.916" classname="com.kisaan.vendor.testcases.TC_05_VendorChangeExistingPassword"/>
</testsuite> <!-- com.kisaan.vendor.testcases.TC_05_VendorChangeExistingPassword -->
