<?xml version="1.0" encoding="UTF-8"?>
<!-- Generated by org.testng.reporters.JUnitReportReporter -->
<testsuite hostname="DESKTOP-165ABPJ" name="com.kisaan.vendor.testcases.TC_03_VendorDashboardAccordion" tests="1" failures="0" timestamp="1 Mar 2021 11:54:46 GMT" time="14.098" errors="0">
  <testcase name="vendor_SignIn" time="14.098" classname="com.kisaan.vendor.testcases.TC_03_VendorDashboardAccordion"/>
</testsuite> <!-- com.kisaan.vendor.testcases.TC_03_VendorDashboardAccordion -->
