<?xml version="1.0" encoding="UTF-8"?>
<!-- Generated by org.testng.reporters.JUnitReportReporter -->
<testsuite hostname="DESKTOP-165ABPJ" name="com.kisaan.customer.testcases.TC_02_Customer_SignIn" tests="1" failures="0" timestamp="23 Feb 2021 06:53:54 GMT" time="14.511" errors="0">
  <testcase name="createContact" time="14.511" classname="com.kisaan.customer.testcases.TC_02_Customer_SignIn"/>
</testsuite> <!-- com.kisaan.customer.testcases.TC_02_Customer_SignIn -->
