<?xml version="1.0" encoding="UTF-8"?>
<!-- Generated by org.testng.reporters.JUnitReportReporter -->
<testsuite hostname="DESKTOP-165ABPJ" name="com.kisaan.customer.testcases.TC_21_Customer_ShipToDifferentAddress" tests="1" failures="0" timestamp="16 Mar 2021 07:56:07 GMT" time="69.876" errors="0">
  <testcase name="customer_AddProductCheckout" time="69.876" classname="com.kisaan.customer.testcases.TC_21_Customer_ShipToDifferentAddress"/>
</testsuite> <!-- com.kisaan.customer.testcases.TC_21_Customer_ShipToDifferentAddress -->
