<?xml version="1.0" encoding="UTF-8"?>
<!-- Generated by org.testng.reporters.JUnitReportReporter -->
<testsuite hostname="DESKTOP-165ABPJ" name="com.kisaan.vendor.testcases.TC_11_Vendor_WithdrawNow" tests="1" failures="0" timestamp="11 Mar 2021 07:40:21 GMT" time="12.525" errors="0">
  <testcase name="vendor_SignIn" time="12.525" classname="com.kisaan.vendor.testcases.TC_11_Vendor_WithdrawNow"/>
</testsuite> <!-- com.kisaan.vendor.testcases.TC_11_Vendor_WithdrawNow -->
