<?xml version="1.0" encoding="UTF-8"?>
<!-- Generated by org.testng.reporters.JUnitReportReporter -->
<testsuite hostname="DESKTOP-165ABPJ" name="com.kisaan.customer.testcases.TC_10_FilterProducts_Categories" tests="1" failures="0" timestamp="1 Mar 2021 12:57:04 GMT" time="17.029" errors="0">
  <testcase name="customer_FilterProduct" time="17.029" classname="com.kisaan.customer.testcases.TC_10_FilterProducts_Categories"/>
</testsuite> <!-- com.kisaan.customer.testcases.TC_10_FilterProducts_Categories -->
