<?xml version="1.0" encoding="UTF-8"?>
<!-- Generated by org.testng.reporters.JUnitReportReporter -->
<testsuite hostname="DESKTOP-165ABPJ" name="com.kisaan.customer.testcases.TC_13_VerifyFacebook_Link" tests="1" failures="0" timestamp="3 Mar 2021 07:34:00 GMT" time="12.602" errors="0">
  <testcase name="verify_FacebookLink" time="12.602" classname="com.kisaan.customer.testcases.TC_13_VerifyFacebook_Link"/>
</testsuite> <!-- com.kisaan.customer.testcases.TC_13_VerifyFacebook_Link -->
