<?xml version="1.0" encoding="UTF-8"?>
<!-- Generated by org.testng.reporters.JUnitReportReporter -->
<testsuite hostname="DESKTOP-165ABPJ" name="com.kisaan.vendor.testcases.TC_04_EditVendorProfile" tests="1" failures="0" timestamp="4 Mar 2021 07:28:31 GMT" time="48.926" errors="0">
  <testcase name="vendor_SignIn" time="48.926" classname="com.kisaan.vendor.testcases.TC_04_EditVendorProfile"/>
</testsuite> <!-- com.kisaan.vendor.testcases.TC_04_EditVendorProfile -->
