<?xml version="1.0" encoding="UTF-8"?>
<!-- Generated by org.testng.reporters.JUnitReportReporter -->
<testsuite hostname="DESKTOP-165ABPJ" name="com.kisaan.vendor.testcases.TC_07_Vendor_EditProduct" tests="1" failures="0" timestamp="8 Mar 2021 07:15:44 GMT" time="28.484" errors="0">
  <testcase name="vendor_SignIn" time="28.484" classname="com.kisaan.vendor.testcases.TC_07_Vendor_EditProduct"/>
</testsuite> <!-- com.kisaan.vendor.testcases.TC_07_Vendor_EditProduct -->
