<?xml version="1.0" encoding="UTF-8"?>
<!-- Generated by org.testng.reporters.JUnitReportReporter -->
<testsuite hostname="DESKTOP-165ABPJ" name="com.kisaan.customer.testcases.TC_08_EditAddress" tests="1" failures="0" timestamp="25 Feb 2021 11:15:46 GMT" time="14.085" errors="0">
  <testcase name="EditAddress" time="14.085" classname="com.kisaan.customer.testcases.TC_08_EditAddress"/>
</testsuite> <!-- com.kisaan.customer.testcases.TC_08_EditAddress -->
