<?xml version="1.0" encoding="UTF-8"?>
<!-- Generated by org.testng.reporters.JUnitReportReporter -->
<testsuite hostname="DESKTOP-165ABPJ" name="com.kisaan.customer.testcases.TC_06_Customer_UpdateProductQuantity" tests="1" failures="0" timestamp="24 Feb 2021 09:04:38 GMT" time="52.284" errors="0">
  <testcase name="customer_UpdateProductQuantity" time="52.284" classname="com.kisaan.customer.testcases.TC_06_Customer_UpdateProductQuantity"/>
</testsuite> <!-- com.kisaan.customer.testcases.TC_06_Customer_UpdateProductQuantity -->
