<?xml version="1.0" encoding="UTF-8"?>
<!-- Generated by org.testng.reporters.JUnitReportReporter -->
<testsuite hostname="DESKTOP-165ABPJ" name="com.kisaan.vendor.testcases.TC_06_Vendor_AddNewProduct" tests="1" failures="0" timestamp="11 Mar 2021 06:24:59 GMT" time="23.021" errors="0">
  <testcase name="vendor_SignIn" time="23.021" classname="com.kisaan.vendor.testcases.TC_06_Vendor_AddNewProduct"/>
</testsuite> <!-- com.kisaan.vendor.testcases.TC_06_Vendor_AddNewProduct -->
