<?xml version="1.0" encoding="UTF-8"?>
<!-- Generated by org.testng.reporters.JUnitReportReporter -->
<testsuite hostname="DESKTOP-165ABPJ" name="com.kisaan.customer.testcases.TC_16_VerifyLinkedin_Link" tests="1" failures="0" timestamp="3 Mar 2021 07:32:48 GMT" time="12.219" errors="0">
  <testcase name="verify_LinkedinLink" time="12.219" classname="com.kisaan.customer.testcases.TC_16_VerifyLinkedin_Link"/>
</testsuite> <!-- com.kisaan.customer.testcases.TC_16_VerifyLinkedin_Link -->
