<?xml version="1.0" encoding="UTF-8"?>
<!-- Generated by org.testng.reporters.JUnitReportReporter -->
<testsuite hostname="DESKTOP-165ABPJ" name="com.kisaan.vendor.testcases.TC_02_Vendor_SignIn" tests="1" failures="0" timestamp="1 Mar 2021 08:20:54 GMT" time="9.437" errors="0">
  <testcase name="vendor_SignIn" time="9.437" classname="com.kisaan.vendor.testcases.TC_02_Vendor_SignIn"/>
</testsuite> <!-- com.kisaan.vendor.testcases.TC_02_Vendor_SignIn -->
