<?xml version="1.0" encoding="UTF-8"?>
<!-- Generated by org.testng.reporters.JUnitReportReporter -->
<testsuite hostname="DESKTOP-165ABPJ" name="com.kisaan.customer.testcases.TC_09_ChangeExistingPassword" tests="1" failures="0" timestamp="28 Feb 2021 07:46:30 GMT" time="15.710" errors="0">
  <testcase name="ChangeExistingPassword" time="15.710" classname="com.kisaan.customer.testcases.TC_09_ChangeExistingPassword"/>
</testsuite> <!-- com.kisaan.customer.testcases.TC_09_ChangeExistingPassword -->
