<?xml version="1.0" encoding="UTF-8"?>
<!-- Generated by org.testng.reporters.JUnitReportReporter -->
<testsuite hostname="DESKTOP-165ABPJ" name="com.kisaan.customer.testcases.TC_19_Customer_MobileMoney_Checkout" tests="1" failures="0" timestamp="12 Mar 2021 09:33:04 GMT" time="67.129" errors="0">
  <testcase name="customer_AddProductCheckout" time="67.129" classname="com.kisaan.customer.testcases.TC_19_Customer_MobileMoney_Checkout"/>
</testsuite> <!-- com.kisaan.customer.testcases.TC_19_Customer_MobileMoney_Checkout -->
