<?xml version="1.0" encoding="UTF-8"?>
<!-- Generated by org.testng.reporters.JUnitReportReporter -->
<testsuite hostname="DESKTOP-165ABPJ" name="com.kisaan.vendor.testcases.TC_12_Vendor_WithdrawNow_Bank" tests="1" failures="0" timestamp="11 Mar 2021 09:38:33 GMT" time="16.718" errors="0">
  <testcase name="vendor_SignIn" time="16.718" classname="com.kisaan.vendor.testcases.TC_12_Vendor_WithdrawNow_Bank"/>
</testsuite> <!-- com.kisaan.vendor.testcases.TC_12_Vendor_WithdrawNow_Bank -->
