<?xml version="1.0" encoding="UTF-8"?>
<!-- Generated by org.testng.reporters.JUnitReportReporter -->
<testsuite hostname="DESKTOP-165ABPJ" name="com.kisaan.vendor.testcases.TC_10_Vendor_AddNew_SearchProduct" tests="1" failures="0" timestamp="9 Mar 2021 05:57:59 GMT" time="25.816" errors="0">
  <testcase name="vendor_SignIn" time="25.816" classname="com.kisaan.vendor.testcases.TC_10_Vendor_AddNew_SearchProduct"/>
</testsuite> <!-- com.kisaan.vendor.testcases.TC_10_Vendor_AddNew_SearchProduct -->
