<?xml version="1.0" encoding="UTF-8"?>
<!-- Generated by org.testng.reporters.JUnitReportReporter -->
<testsuite hostname="DESKTOP-165ABPJ" name="com.kisaan.vendor.testcases.TC_08_Vendor_ChangeProductStatus" tests="1" failures="0" timestamp="8 Mar 2021 08:26:14 GMT" time="24.059" errors="0">
  <testcase name="vendor_SignIn" time="24.059" classname="com.kisaan.vendor.testcases.TC_08_Vendor_ChangeProductStatus"/>
</testsuite> <!-- com.kisaan.vendor.testcases.TC_08_Vendor_ChangeProductStatus -->
