<?xml version="1.0" encoding="UTF-8"?>
<!-- Generated by org.testng.reporters.JUnitReportReporter -->
<testsuite hostname="DESKTOP-165ABPJ" name="com.kisaan.customer.testcases.TC_17_Customer_AddProduct_PickUp_Checkout" tests="1" failures="0" timestamp="12 Mar 2021 07:04:32 GMT" time="70.753" errors="0">
  <testcase name="customer_AddProductCheckout" time="70.753" classname="com.kisaan.customer.testcases.TC_17_Customer_AddProduct_PickUp_Checkout"/>
</testsuite> <!-- com.kisaan.customer.testcases.TC_17_Customer_AddProduct_PickUp_Checkout -->
