<?xml version="1.0" encoding="UTF-8"?>
<!-- Generated by org.testng.reporters.JUnitReportReporter -->
<testsuite hostname="DESKTOP-165ABPJ" name="com.kisaan.customer.testcases.TC_12_Customer_SignOut" tests="1" failures="0" timestamp="3 Mar 2021 06:11:59 GMT" time="10.249" errors="0">
  <testcase name="customer_SignOut" time="10.249" classname="com.kisaan.customer.testcases.TC_12_Customer_SignOut"/>
</testsuite> <!-- com.kisaan.customer.testcases.TC_12_Customer_SignOut -->
