<?xml version="1.0" encoding="UTF-8"?>
<!-- Generated by org.testng.reporters.JUnitReportReporter -->
<testsuite hostname="DESKTOP-165ABPJ" name="com.kisaan.customer.testcases.TC_15_VerifyTwitter_Link" tests="1" failures="0" timestamp="3 Mar 2021 07:35:13 GMT" time="11.238" errors="0">
  <testcase name="verify_TwitterLink" time="11.238" classname="com.kisaan.customer.testcases.TC_15_VerifyTwitter_Link"/>
</testsuite> <!-- com.kisaan.customer.testcases.TC_15_VerifyTwitter_Link -->
